[35m[1mConsolidate compiler generated dependencies of target one_robot_stat[0m
[ 50%] Built target robot_status_pub
[ 75%] [32mBuilding CXX object CMakeFiles/one_robot_stat.dir/src/one_robot_status_pub.cpp.o[0m
[01m[K/home/ubuntu/S12P11C101/SIMULATE/GAZEBO_SIM/ssafy_ws/src/robot_status_publisher/src/one_robot_status_pub.cpp:[m[K In constructor â€˜[01m[KRobotStatusPublisher::RobotStatusPublisher()[m[Kâ€™:
[01m[K/home/ubuntu/S12P11C101/SIMULATE/GAZEBO_SIM/ssafy_ws/src/robot_status_publisher/src/one_robot_status_pub.cpp:28:39:[m[K [01;31m[Kerror: [m[Kâ€˜[01m[Kprefix[m[Kâ€™ was not declared in this scope; did you mean â€˜[01m[Kprofil[m[Kâ€™?
   28 |         std::string imu_topic = "/" + [01;31m[Kprefix[m[K + "/imu";
      |                                       [01;31m[K^~~~~~[m[K
      |                                       [32m[Kprofil[m[K
[01m[K/home/ubuntu/S12P11C101/SIMULATE/GAZEBO_SIM/ssafy_ws/src/robot_status_publisher/src/one_robot_status_pub.cpp:[m[K In member function â€˜[01m[Kvoid RobotStatusPublisher::publish_status()[m[Kâ€™:
[01m[K/home/ubuntu/S12P11C101/SIMULATE/GAZEBO_SIM/ssafy_ws/src/robot_status_publisher/src/one_robot_status_pub.cpp:97:22:[m[K [01;31m[Kerror: [m[Kâ€˜[01m[Krobot_num[m[Kâ€™ was not declared in this scope
   97 |         message.id = [01;31m[Krobot_num[m[K;
      |                      [01;31m[K^~~~~~~~~[m[K
gmake[2]: *** [CMakeFiles/one_robot_stat.dir/build.make:76: CMakeFiles/one_robot_stat.dir/src/one_robot_status_pub.cpp.o] Error 1
gmake[1]: *** [CMakeFiles/Makefile2:165: CMakeFiles/one_robot_stat.dir/all] Error 2
gmake: *** [Makefile:146: all] Error 2
