[01m[K/home/ubuntu/S12P11C101/SIMULATE/GAZEBO_SIM/ssafy_ws/src/robot_status_publisher/src/one_robot_status_pub.cpp:19:5:[m[K [01;31m[Kerror: [m[Knon-static data member declared with placeholder â€˜[01m[Kauto[m[Kâ€™
   19 |     [01;31m[Kauto[m[K robot_name;
      |     [01;31m[K^~~~[m[K
[01m[K/home/ubuntu/S12P11C101/SIMULATE/GAZEBO_SIM/ssafy_ws/src/robot_status_publisher/src/one_robot_status_pub.cpp:20:5:[m[K [01;31m[Kerror: [m[Knon-static data member declared with placeholder â€˜[01m[Kauto[m[Kâ€™
   20 |     [01;31m[Kauto[m[K robot_num;
      |     [01;31m[K^~~~[m[K
[01m[K/home/ubuntu/S12P11C101/SIMULATE/GAZEBO_SIM/ssafy_ws/src/robot_status_publisher/src/one_robot_status_pub.cpp:[m[K In constructor â€˜[01m[KRobotStatusPublisher::RobotStatusPublisher()[m[Kâ€™:
[01m[K/home/ubuntu/S12P11C101/SIMULATE/GAZEBO_SIM/ssafy_ws/src/robot_status_publisher/src/one_robot_status_pub.cpp:33:39:[m[K [01;31m[Kerror: [m[Kâ€˜[01m[Kprefix[m[Kâ€™ was not declared in this scope; did you mean â€˜[01m[Kprofil[m[Kâ€™?
   33 |         std::string imu_topic = "/" + [01;31m[Kprefix[m[K + "/imu";
      |                                       [01;31m[K^~~~~~[m[K
      |                                       [32m[Kprofil[m[K
gmake[2]: *** [CMakeFiles/one_robot_stat.dir/build.make:76: CMakeFiles/one_robot_stat.dir/src/one_robot_status_pub.cpp.o] Error 1
gmake[1]: *** [CMakeFiles/Makefile2:165: CMakeFiles/one_robot_stat.dir/all] Error 2
gmake: *** [Makefile:146: all] Error 2
