[35m[1mConsolidate compiler generated dependencies of target one_robot_stat[0m
[ 50%] Built target robot_status_pub
[ 75%] [32mBuilding CXX object CMakeFiles/one_robot_stat.dir/src/one_robot_status_pub.cpp.o[0m
[01m[K/home/ubuntu/S12P11C101/SIMULATE/GAZEBO_SIM/ssafy_ws/src/robot_status_publisher/src/one_robot_status_pub.cpp:[m[K In constructor â€˜[01m[KRobotStatusPublisher::RobotStatusPublisher()[m[Kâ€™:
[01m[K/home/ubuntu/S12P11C101/SIMULATE/GAZEBO_SIM/ssafy_ws/src/robot_status_publisher/src/one_robot_status_pub.cpp:61:62:[m[K [01;31m[Kerror: [m[Kexpected â€˜[01m[K)[m[Kâ€™ before â€˜[01m[K;[m[Kâ€™ token
   61 |             "/robot_" + std::to_string(robot_num) + "/status"[01;31m[K;[m[K,
      |                                                              [01;31m[K^[m[K
[01m[K/home/ubuntu/S12P11C101/SIMULATE/GAZEBO_SIM/ssafy_ws/src/robot_status_publisher/src/one_robot_status_pub.cpp:60:89:[m[K [01;36m[Knote: [m[Kto match this â€˜[01m[K([m[Kâ€™
   60 |         publisher_status_ = this->create_publisher<robot_custom_interfaces::msg::Status>[01;36m[K([m[K
      |                                                                                         [01;36m[K^[m[K
[01m[K/home/ubuntu/S12P11C101/SIMULATE/GAZEBO_SIM/ssafy_ws/src/robot_status_publisher/src/one_robot_status_pub.cpp:61:63:[m[K [01;31m[Kerror: [m[Kexpected primary-expression before â€˜[01m[K,[m[Kâ€™ token
   61 |             "/robot_" + std::to_string(robot_num) + "/status";[01;31m[K,[m[K
      |                                                               [01;31m[K^[m[K
gmake[2]: *** [CMakeFiles/one_robot_stat.dir/build.make:76: CMakeFiles/one_robot_stat.dir/src/one_robot_status_pub.cpp.o] Error 1
gmake[1]: *** [CMakeFiles/Makefile2:165: CMakeFiles/one_robot_stat.dir/all] Error 2
gmake: *** [Makefile:146: all] Error 2
